<?xml version="1.0" encoding="UTF-8"?>
<testsuite xmlns:xsi="http://www.w3.org/2001/XMLSchema-instance" xsi:noNamespaceSchemaLocation="https://maven.apache.org/surefire/maven-surefire-plugin/xsd/surefire-test-report-3.0.xsd" version="3.0" name="testsUnitaires.EmployeTest" time="0.215" tests="8" errors="0" skipped="0" failures="0">
  <properties>
[...]
</properties>
  <testcase name="testSetDateDepart" classname="testsUnitaires.EmployeTest" time="0.079"/>
  <testcase name="testSetPassword" classname="testsUnitaires.EmployeTest" time="0.002"/>
  <testcase name="testChangeAdministrateur" classname="testsUnitaires.EmployeTest" time="0.048"/>
  <testcase name="testSetDateArrivée" classname="testsUnitaires.EmployeTest" time="0.003"/>
  <testcase name="testSetPrenom" classname="testsUnitaires.EmployeTest" time="0.003"/>
  <testcase name="testRemoveEmploye" classname="testsUnitaires.EmployeTest" time="0.004"/>
  <testcase name="testSetMail" classname="testsUnitaires.EmployeTest" time="0.003"/>
  <testcase name="testSetNom" classname="testsUnitaires.EmployeTest" time="0.003"/>
</testsuite>